Release 13.2 - xst O.61xd (nt64)
Copyright (c) 1995-2011 Xilinx, Inc.  All rights reserved.
--> Parameter TMPDIR set to xst/projnav.tmp


Total REAL time to Xst completion: 0.00 secs
Total CPU time to Xst completion: 0.10 secs
 
--> Parameter xsthdpdir set to xst


Total REAL time to Xst completion: 0.00 secs
Total CPU time to Xst completion: 0.11 secs
 
--> Reading design: mips.prj

TABLE OF CONTENTS
  1) Synthesis Options Summary
  2) HDL Compilation
  3) Design Hierarchy Analysis
  4) HDL Analysis
  5) HDL Synthesis
     5.1) HDL Synthesis Report
  6) Advanced HDL Synthesis
     6.1) Advanced HDL Synthesis Report
  7) Low Level Synthesis
  8) Partition Report
  9) Final Report

=========================================================================
*                      Synthesis Options Summary                        *
=========================================================================
---- Source Parameters
Input File Name                    : "mips.prj"
Input Format                       : mixed
Ignore Synthesis Constraint File   : NO

---- Target Parameters
Output File Name                   : "mips"
Output Format                      : NGC
Target Device                      : Automotive CoolRunner2

---- Source Options
Top Module Name                    : mips
Automatic FSM Extraction           : YES
FSM Encoding Algorithm             : Auto
Safe Implementation                : No
Mux Extraction                     : Yes
Resource Sharing                   : YES

---- Target Options
Add IO Buffers                     : YES
MACRO Preserve                     : YES
XOR Preserve                       : YES
Equivalent register Removal        : YES

---- General Options
Optimization Goal                  : Speed
Optimization Effort                : 1
Keep Hierarchy                     : Yes
Netlist Hierarchy                  : As_Optimized
RTL Output                         : Yes
Hierarchy Separator                : /
Bus Delimiter                      : <>
Case Specifier                     : Maintain
Verilog 2001                       : YES

---- Other Options
Clock Enable                       : YES
wysiwyg                            : NO

=========================================================================


=========================================================================
*                          HDL Compilation                              *
=========================================================================
Compiling vhdl file "C:/Users/Absolute/Xilinx/workspace/Mips32/instruction_fetch.vhd" in Library work.
Architecture behavioral of Entity instruction_fetch is up to date.
Compiling vhdl file "C:/Users/Absolute/Xilinx/workspace/Mips32/control_unit.vhd" in Library work.
Architecture behavioral of Entity control_unit is up to date.
Compiling vhdl file "C:/Users/Absolute/Xilinx/workspace/Mips32/op_fetch.vhd" in Library work.
Architecture behavioral of Entity op_fetch is up to date.
Compiling vhdl file "C:/Users/Absolute/Xilinx/workspace/Mips32/execute.vhd" in Library work.
Architecture behavioral of Entity execute is up to date.
Compiling vhdl file "C:/Users/Absolute/Xilinx/workspace/Mips32/data_memory.vhd" in Library work.
Entity <data_memory> compiled.
ERROR:HDLParsers:1401 - "C:/Users/Absolute/Xilinx/workspace/Mips32/data_memory.vhd" Line 60. Object write_data of mode OUT can not be read.
ERROR:HDLParsers:3367 - "C:/Users/Absolute/Xilinx/workspace/Mips32/data_memory.vhd" Line 64. 8 is not included in the index range, 7 downto 0, of array addr.
ERROR:HDLParsers:3367 - "C:/Users/Absolute/Xilinx/workspace/Mips32/data_memory.vhd" Line 65. 8 is not included in the index range, 7 downto 0, of array addr.
ERROR:HDLParsers:3367 - "C:/Users/Absolute/Xilinx/workspace/Mips32/data_memory.vhd" Line 66. 8 is not included in the index range, 7 downto 0, of array addr.
ERROR:HDLParsers:3367 - "C:/Users/Absolute/Xilinx/workspace/Mips32/data_memory.vhd" Line 67. 8 is not included in the index range, 7 downto 0, of array addr.
ERROR:HDLParsers:3312 - "C:/Users/Absolute/Xilinx/workspace/Mips32/data_memory.vhd" Line 73. Undefined symbol 'ADDRESS'.
ERROR:HDLParsers:1209 - "C:/Users/Absolute/Xilinx/workspace/Mips32/data_memory.vhd" Line 73. ADDRESS: Undefined symbol (last report in this block)
ERROR:HDLParsers:3312 - "C:/Users/Absolute/Xilinx/workspace/Mips32/data_memory.vhd" Line 78. Undefined symbol 'OUTPUT'.
--> 

Total memory usage is 226764 kilobytes

Number of errors   :    8 (   0 filtered)
Number of warnings :    0 (   0 filtered)
Number of infos    :    0 (   0 filtered)

